<?xml version="1.0" encoding="UTF-8"?>
<!-- Generated by org.testng.reporters.JUnitReportReporter -->
<testsuite hostname="DESKTOP-54PS5CM" failures="0" tests="4" name="testRunner.TestRunner" time="26.960" errors="0" timestamp="2021-07-23T23:29:52 MST" skipped="0">
  <testcase classname="testRunner.TestRunner" name="runScenario" time="6.260"/>
  <system-out/>
  <testcase classname="testRunner.TestRunner" name="runScenario" time="6.620"/>
  <system-out/>
  <testcase classname="testRunner.TestRunner" name="runScenario" time="8.140"/>
  <system-out/>
  <testcase classname="testRunner.TestRunner" name="runScenario" time="5.940"/>
  <system-out/>
</testsuite> <!-- testRunner.TestRunner -->
