<?xml version="1.0" encoding="UTF-8"?>
<!-- Generated by org.testng.reporters.JUnitReportReporter -->
<testsuite hostname="DESKTOP-54PS5CM" failures="0" tests="1" name="testRunner.TestRunner" time="8.238" errors="0" timestamp="2021-07-23T16:34:30 MST" skipped="0">
  <testcase classname="testRunner.TestRunner" name="runScenario" time="8.238"/>
  <system-out/>
</testsuite> <!-- testRunner.TestRunner -->
