<?xml version="1.0" encoding="UTF-8"?>
<!-- Generated by org.testng.reporters.JUnitReportReporter -->
<testsuite hostname="DESKTOP-54PS5CM" failures="0" tests="1" name="testRunner.TestRunner" time="4.270" errors="0" timestamp="2021-07-27T17:56:00 MST" skipped="0">
  <testcase classname="testRunner.TestRunner" name="runScenario" time="4.270"/>
  <system-out/>
</testsuite> <!-- testRunner.TestRunner -->
